{"C:/Users/borde/Desktop/Courses/Zrozumieć React/AplikacjaTODO/src/App.tsx": {"path":"C:/Users/borde/Desktop/Courses/Zrozumieć React/AplikacjaTODO/src/App.tsx","statementMap":{"0":{"start":{"line":8,"column":33},"end":{"line":21,"column":null}},"1":{"start":{"line":24,"column":28},"end":{"line":24,"column":null}},"2":{"start":{"line":25,"column":46},"end":{"line":25,"column":null}},"3":{"start":{"line":27,"column":28},"end":{"line":29,"column":null}},"4":{"start":{"line":28,"column":4},"end":{"line":28,"column":null}},"5":{"start":{"line":28,"column":37},"end":{"line":28,"column":47}},"6":{"start":{"line":31,"column":20},"end":{"line":38,"column":null}},"7":{"start":{"line":32,"column":30},"end":{"line":35,"column":null}},"8":{"start":{"line":37,"column":4},"end":{"line":37,"column":null}},"9":{"start":{"line":37,"column":28},"end":{"line":37,"column":52}},"10":{"start":{"line":40,"column":25},"end":{"line":46,"column":null}},"11":{"start":{"line":41,"column":4},"end":{"line":45,"column":null}},"12":{"start":{"line":42,"column":6},"end":{"line":44,"column":null}},"13":{"start":{"line":43,"column":8},"end":{"line":43,"column":null}},"14":{"start":{"line":48,"column":23},"end":{"line":52,"column":null}},"15":{"start":{"line":49,"column":4},"end":{"line":51,"column":null}},"16":{"start":{"line":50,"column":6},"end":{"line":50,"column":null}},"17":{"start":{"line":50,"column":44},"end":{"line":50,"column":72}},"18":{"start":{"line":54,"column":2},"end":{"line":80,"column":null}},"19":{"start":{"line":67,"column":41},"end":{"line":67,"column":null}},"20":{"start":{"line":68,"column":12},"end":{"line":75,"column":null}}},"fnMap":{"0":{"name":"App","decl":{"start":{"line":23,"column":9},"end":{"line":23,"column":15}},"loc":{"start":{"line":23,"column":15},"end":{"line":82,"column":null}}},"1":{"name":"(anonymous_1)","decl":{"start":{"line":27,"column":28},"end":{"line":27,"column":34}},"loc":{"start":{"line":27,"column":34},"end":{"line":29,"column":null}}},"2":{"name":"(anonymous_2)","decl":{"start":{"line":28,"column":22},"end":{"line":28,"column":23}},"loc":{"start":{"line":28,"column":37},"end":{"line":28,"column":47}}},"3":{"name":"(anonymous_3)","decl":{"start":{"line":31,"column":20},"end":{"line":31,"column":21}},"loc":{"start":{"line":31,"column":38},"end":{"line":38,"column":null}}},"4":{"name":"(anonymous_4)","decl":{"start":{"line":37,"column":13},"end":{"line":37,"column":14}},"loc":{"start":{"line":37,"column":28},"end":{"line":37,"column":52}}},"5":{"name":"(anonymous_5)","decl":{"start":{"line":40,"column":25},"end":{"line":40,"column":26}},"loc":{"start":{"line":40,"column":41},"end":{"line":46,"column":null}}},"6":{"name":"(anonymous_6)","decl":{"start":{"line":41,"column":13},"end":{"line":41,"column":14}},"loc":{"start":{"line":42,"column":6},"end":{"line":44,"column":null}}},"7":{"name":"(anonymous_7)","decl":{"start":{"line":42,"column":21},"end":{"line":42,"column":22}},"loc":{"start":{"line":43,"column":8},"end":{"line":43,"column":null}}},"8":{"name":"(anonymous_8)","decl":{"start":{"line":48,"column":23},"end":{"line":48,"column":24}},"loc":{"start":{"line":48,"column":39},"end":{"line":52,"column":null}}},"9":{"name":"(anonymous_9)","decl":{"start":{"line":49,"column":13},"end":{"line":49,"column":14}},"loc":{"start":{"line":50,"column":6},"end":{"line":50,"column":null}}},"10":{"name":"(anonymous_10)","decl":{"start":{"line":50,"column":24},"end":{"line":50,"column":25}},"loc":{"start":{"line":50,"column":44},"end":{"line":50,"column":72}}},"11":{"name":"(anonymous_11)","decl":{"start":{"line":66,"column":21},"end":{"line":66,"column":22}},"loc":{"start":{"line":66,"column":31},"end":{"line":77,"column":11}}}},"branchMap":{"0":{"loc":{"start":{"line":43,"column":8},"end":{"line":43,"column":null}},"type":"cond-expr","locations":[{"start":{"line":43,"column":31},"end":{"line":43,"column":59}},{"start":{"line":43,"column":59},"end":{"line":43,"column":null}}]},"1":{"loc":{"start":{"line":50,"column":44},"end":{"line":50,"column":72}},"type":"binary-expr","locations":[{"start":{"line":50,"column":44},"end":{"line":50,"column":68}},{"start":{"line":50,"column":68},"end":{"line":50,"column":72}}]},"2":{"loc":{"start":{"line":62,"column":7},"end":{"line":78,"column":null}},"type":"cond-expr","locations":[{"start":{"line":63,"column":8},"end":{"line":63,"column":null}},{"start":{"line":65,"column":8},"end":{"line":78,"column":null}}]},"3":{"loc":{"start":{"line":62,"column":7},"end":{"line":62,"column":null}},"type":"binary-expr","locations":[{"start":{"line":62,"column":7},"end":{"line":62,"column":25}},{"start":{"line":62,"column":25},"end":{"line":62,"column":null}}]}},"s":{"0":1,"1":7,"2":7,"3":7,"4":0,"5":0,"6":7,"7":1,"8":1,"9":1,"10":7,"11":0,"12":0,"13":0,"14":7,"15":1,"16":1,"17":3,"18":7,"19":21,"20":21},"f":{"0":7,"1":0,"2":0,"3":1,"4":1,"5":0,"6":0,"7":0,"8":1,"9":1,"10":3,"11":21},"b":{"0":[0,0],"1":[3,2],"2":[0,7],"3":[7,7]}}
,"C:/Users/borde/Desktop/Courses/Zrozumieć React/AplikacjaTODO/src/components/Button/Button.tsx": {"path":"C:/Users/borde/Desktop/Courses/Zrozumieć React/AplikacjaTODO/src/components/Button/Button.tsx","statementMap":{"0":{"start":{"line":4,"column":15},"end":{"line":10,"column":null}},"1":{"start":{"line":5,"column":2},"end":{"line":8,"column":null}}},"fnMap":{"0":{"name":"(anonymous_0)","decl":{"start":{"line":4,"column":15},"end":{"line":4,"column":16}},"loc":{"start":{"line":4,"column":72},"end":{"line":10,"column":null}}}},"branchMap":{"0":{"loc":{"start":{"line":4,"column":28},"end":{"line":4,"column":45}},"type":"default-arg","locations":[{"start":{"line":4,"column":35},"end":{"line":4,"column":45}}]}},"s":{"0":4,"1":64},"f":{"0":64},"b":{"0":[47]}}
,"C:/Users/borde/Desktop/Courses/Zrozumieć React/AplikacjaTODO/src/components/Form/Form.tsx": {"path":"C:/Users/borde/Desktop/Courses/Zrozumieć React/AplikacjaTODO/src/components/Form/Form.tsx","statementMap":{"0":{"start":{"line":6,"column":13},"end":{"line":48,"column":null}},"1":{"start":{"line":7,"column":26},"end":{"line":7,"column":null}},"2":{"start":{"line":8,"column":40},"end":{"line":8,"column":null}},"3":{"start":{"line":10,"column":23},"end":{"line":13,"column":null}},"4":{"start":{"line":11,"column":22},"end":{"line":11,"column":null}},"5":{"start":{"line":12,"column":4},"end":{"line":12,"column":null}},"6":{"start":{"line":15,"column":23},"end":{"line":28,"column":null}},"7":{"start":{"line":16,"column":4},"end":{"line":16,"column":null}},"8":{"start":{"line":18,"column":4},"end":{"line":23,"column":null}},"9":{"start":{"line":19,"column":6},"end":{"line":21,"column":null}},"10":{"start":{"line":22,"column":6},"end":{"line":22,"column":null}},"11":{"start":{"line":25,"column":4},"end":{"line":25,"column":null}},"12":{"start":{"line":26,"column":4},"end":{"line":26,"column":null}},"13":{"start":{"line":27,"column":4},"end":{"line":27,"column":null}},"14":{"start":{"line":30,"column":2},"end":{"line":46,"column":null}}},"fnMap":{"0":{"name":"(anonymous_0)","decl":{"start":{"line":6,"column":13},"end":{"line":6,"column":14}},"loc":{"start":{"line":6,"column":59},"end":{"line":48,"column":null}}},"1":{"name":"(anonymous_1)","decl":{"start":{"line":10,"column":23},"end":{"line":10,"column":24}},"loc":{"start":{"line":10,"column":65},"end":{"line":13,"column":null}}},"2":{"name":"(anonymous_2)","decl":{"start":{"line":15,"column":23},"end":{"line":15,"column":24}},"loc":{"start":{"line":15,"column":62},"end":{"line":28,"column":null}}}},"branchMap":{"0":{"loc":{"start":{"line":18,"column":4},"end":{"line":23,"column":null}},"type":"if","locations":[{"start":{"line":18,"column":4},"end":{"line":23,"column":null}},{"start":{"line":18,"column":4},"end":{"line":23,"column":null}}]},"1":{"loc":{"start":{"line":18,"column":8},"end":{"line":18,"column":35}},"type":"binary-expr","locations":[{"start":{"line":18,"column":8},"end":{"line":18,"column":17}},{"start":{"line":18,"column":17},"end":{"line":18,"column":35}}]},"2":{"loc":{"start":{"line":33,"column":9},"end":{"line":42,"column":null}},"type":"binary-expr","locations":[{"start":{"line":33,"column":9},"end":{"line":33,"column":null}},{"start":{"line":34,"column":10},"end":{"line":42,"column":null}}]}},"s":{"0":2,"1":17,"2":17,"3":17,"4":3,"5":3,"6":17,"7":3,"8":3,"9":1,"10":1,"11":2,"12":2,"13":2,"14":17},"f":{"0":17,"1":3,"2":3},"b":{"0":[1,2],"1":[3,3],"2":[17,16]}}
,"C:/Users/borde/Desktop/Courses/Zrozumieć React/AplikacjaTODO/src/components/Heading/Heading.tsx": {"path":"C:/Users/borde/Desktop/Courses/Zrozumieć React/AplikacjaTODO/src/components/Heading/Heading.tsx","statementMap":{"0":{"start":{"line":6,"column":16},"end":{"line":46,"column":null}},"1":{"start":{"line":11,"column":36},"end":{"line":11,"column":null}},"2":{"start":{"line":13,"column":2},"end":{"line":15,"column":null}},"3":{"start":{"line":14,"column":4},"end":{"line":14,"column":null}},"4":{"start":{"line":17,"column":31},"end":{"line":27,"column":null}},"5":{"start":{"line":18,"column":4},"end":{"line":26,"column":null}},"6":{"start":{"line":19,"column":6},"end":{"line":19,"column":null}},"7":{"start":{"line":20,"column":4},"end":{"line":26,"column":null}},"8":{"start":{"line":21,"column":6},"end":{"line":21,"column":null}},"9":{"start":{"line":22,"column":4},"end":{"line":26,"column":null}},"10":{"start":{"line":23,"column":6},"end":{"line":23,"column":null}},"11":{"start":{"line":25,"column":6},"end":{"line":25,"column":null}},"12":{"start":{"line":29,"column":2},"end":{"line":44,"column":null}}},"fnMap":{"0":{"name":"(anonymous_0)","decl":{"start":{"line":6,"column":16},"end":{"line":6,"column":17}},"loc":{"start":{"line":10,"column":20},"end":{"line":46,"column":null}}},"1":{"name":"(anonymous_1)","decl":{"start":{"line":13,"column":12},"end":{"line":13,"column":18}},"loc":{"start":{"line":13,"column":18},"end":{"line":15,"column":5}}},"2":{"name":"(anonymous_2)","decl":{"start":{"line":17,"column":31},"end":{"line":17,"column":32}},"loc":{"start":{"line":17,"column":61},"end":{"line":27,"column":null}}}},"branchMap":{"0":{"loc":{"start":{"line":18,"column":4},"end":{"line":26,"column":null}},"type":"if","locations":[{"start":{"line":18,"column":4},"end":{"line":26,"column":null}},{"start":{"line":20,"column":4},"end":{"line":26,"column":null}}]},"1":{"loc":{"start":{"line":18,"column":8},"end":{"line":18,"column":46}},"type":"binary-expr","locations":[{"start":{"line":18,"column":8},"end":{"line":18,"column":26}},{"start":{"line":18,"column":26},"end":{"line":18,"column":46}}]},"2":{"loc":{"start":{"line":20,"column":4},"end":{"line":26,"column":null}},"type":"if","locations":[{"start":{"line":20,"column":4},"end":{"line":26,"column":null}},{"start":{"line":22,"column":4},"end":{"line":26,"column":null}}]},"3":{"loc":{"start":{"line":22,"column":4},"end":{"line":26,"column":null}},"type":"if","locations":[{"start":{"line":22,"column":4},"end":{"line":26,"column":null}},{"start":{"line":24,"column":11},"end":{"line":26,"column":null}}]},"4":{"loc":{"start":{"line":41,"column":11},"end":{"line":41,"column":null}},"type":"cond-expr","locations":[{"start":{"line":41,"column":28},"end":{"line":41,"column":34}},{"start":{"line":41,"column":34},"end":{"line":41,"column":null}}]}},"s":{"0":2,"1":32,"2":32,"3":16,"4":32,"5":16,"6":2,"7":14,"8":4,"9":10,"10":9,"11":1,"12":32},"f":{"0":32,"1":16,"2":16},"b":{"0":[2,14],"1":[16,15],"2":[4,10],"3":[9,1],"4":[20,12]}}
,"C:/Users/borde/Desktop/Courses/Zrozumieć React/AplikacjaTODO/src/components/TodoItem/TodoItem.tsx": {"path":"C:/Users/borde/Desktop/Courses/Zrozumieć React/AplikacjaTODO/src/components/TodoItem/TodoItem.tsx","statementMap":{"0":{"start":{"line":5,"column":17},"end":{"line":22,"column":null}},"1":{"start":{"line":11,"column":2},"end":{"line":20,"column":null}},"2":{"start":{"line":17,"column":31},"end":{"line":17,"column":57}},"3":{"start":{"line":19,"column":29},"end":{"line":19,"column":53}}},"fnMap":{"0":{"name":"(anonymous_0)","decl":{"start":{"line":5,"column":17},"end":{"line":5,"column":18}},"loc":{"start":{"line":10,"column":21},"end":{"line":22,"column":null}}},"1":{"name":"(anonymous_1)","decl":{"start":{"line":17,"column":25},"end":{"line":17,"column":31}},"loc":{"start":{"line":17,"column":31},"end":{"line":17,"column":57}}},"2":{"name":"(anonymous_2)","decl":{"start":{"line":19,"column":23},"end":{"line":19,"column":29}},"loc":{"start":{"line":19,"column":29},"end":{"line":19,"column":53}}}},"branchMap":{"0":{"loc":{"start":{"line":7,"column":2},"end":{"line":7,"column":null}},"type":"default-arg","locations":[{"start":{"line":7,"column":11},"end":{"line":7,"column":null}}]},"1":{"loc":{"start":{"line":13,"column":45},"end":{"line":13,"column":66}},"type":"binary-expr","locations":[{"start":{"line":13,"column":45},"end":{"line":13,"column":55}},{"start":{"line":13,"column":55},"end":{"line":13,"column":66}}]},"2":{"loc":{"start":{"line":16,"column":7},"end":{"line":17,"column":null}},"type":"binary-expr","locations":[{"start":{"line":16,"column":7},"end":{"line":16,"column":null}},{"start":{"line":17,"column":8},"end":{"line":17,"column":null}}]}},"s":{"0":2,"1":26,"2":1,"3":2},"f":{"0":26,"1":1,"2":2},"b":{"0":[2],"1":[26,8],"2":[26,18]}}
}
